<?xml version="1.0" encoding="UTF-8"?>
<robot generator="Robot 3.2.1 (Python 3.8.3 on win32)" generated="20200713 19:48:46.760" rpa="false">
<suite id="s1" name="Demo2" source="C:\Users\gharb\eclipse-workspace\Demo2">
<suite id="s1-s1" name="LoginRobinSuiteTest" source="C:\Users\gharb\eclipse-workspace\Demo2\LoginRobinSuiteTest.robot">
<test id="s1-s1-t1" name="loginTest">
<kw name="Open Browser" library="SeleniumLibrary">
<doc>Opens a new browser instance to the optional ``url``.</doc>
<arguments>
<arg>${url}</arg>
<arg>${browser}</arg>
</arguments>
<msg timestamp="20200713 19:48:46.988" level="INFO">Opening browser 'gc' to base url 'https://opensource-demo.orangehrmlive.com/index.php/auth/login'.</msg>
<status status="PASS" starttime="20200713 19:48:46.988" endtime="20200713 19:48:51.115"></status>
</kw>
<kw name="Maximize Browser Window" library="SeleniumLibrary">
<doc>Maximizes current browser window.</doc>
<status status="PASS" starttime="20200713 19:48:51.116" endtime="20200713 19:48:53.247"></status>
</kw>
<kw name="Input Text" library="SeleniumLibrary">
<doc>Types the given ``text`` into the text field identified by ``locator``.</doc>
<arguments>
<arg>name=txtUsername</arg>
<arg>${datalogin}[username]</arg>
</arguments>
<msg timestamp="20200713 19:48:53.248" level="FAIL">String '${datalogin}' used with invalid index 'username'. To use '[username]' as a literal value, it needs to be escaped like '\[username]'.</msg>
<status status="FAIL" starttime="20200713 19:48:53.247" endtime="20200713 19:48:53.249"></status>
</kw>
<status status="FAIL" starttime="20200713 19:48:46.987" endtime="20200713 19:48:53.249" critical="yes">String '${datalogin}' used with invalid index 'username'. To use '[username]' as a literal value, it needs to be escaped like '\[username]'.</status>
</test>
<status status="FAIL" starttime="20200713 19:48:46.813" endtime="20200713 19:48:53.251"></status>
</suite>
<status status="FAIL" starttime="20200713 19:48:46.789" endtime="20200713 19:48:53.254"></status>
</suite>
<statistics>
<total>
<stat pass="0" fail="1">Critical Tests</stat>
<stat pass="0" fail="1">All Tests</stat>
</total>
<tag>
</tag>
<suite>
<stat pass="0" fail="1" id="s1" name="Demo2">Demo2</stat>
<stat pass="0" fail="1" id="s1-s1" name="LoginRobinSuiteTest">Demo2.LoginRobinSuiteTest</stat>
</suite>
</statistics>
<errors>
</errors>
</robot>
